c:\users\reaper\source\repos\bid_program\bid_program\x64\debug\vc143.pdb
c:\users\reaper\source\repos\bid_program\bid_program\x64\debug\vc143.idb
c:\users\reaper\source\repos\bid_program\bid_program\x64\debug\cs_linkedlist.obj
c:\users\reaper\source\repos\bid_program\bid_program\x64\debug\bid_program.obj
c:\users\reaper\source\repos\bid_program\bid_program\x64\debug\test.obj
c:\users\reaper\source\repos\bid_program\bid_program\x64\debug\csvparser.obj
c:\users\reaper\source\repos\bid_program\bid_program\x64\debug\bid_program.ilk
c:\users\reaper\source\repos\bid_program\x64\debug\bid_program.exe
c:\users\reaper\source\repos\bid_program\x64\debug\bid_program.pdb
c:\users\reaper\source\repos\bid_program\bid_program\x64\debug\bid_program.tlog\cl.command.1.tlog
c:\users\reaper\source\repos\bid_program\bid_program\x64\debug\bid_program.tlog\cl.read.1.tlog
c:\users\reaper\source\repos\bid_program\bid_program\x64\debug\bid_program.tlog\cl.write.1.tlog
c:\users\reaper\source\repos\bid_program\bid_program\x64\debug\bid_program.tlog\link.12772-cvtres.read.1.tlog
c:\users\reaper\source\repos\bid_program\bid_program\x64\debug\bid_program.tlog\link.12772-cvtres.write.1.tlog
c:\users\reaper\source\repos\bid_program\bid_program\x64\debug\bid_program.tlog\link.12772-rc.read.1.tlog
c:\users\reaper\source\repos\bid_program\bid_program\x64\debug\bid_program.tlog\link.12772-rc.write.1.tlog
c:\users\reaper\source\repos\bid_program\bid_program\x64\debug\bid_program.tlog\link.12772.read.1.tlog
c:\users\reaper\source\repos\bid_program\bid_program\x64\debug\bid_program.tlog\link.12772.read.2.tlog
c:\users\reaper\source\repos\bid_program\bid_program\x64\debug\bid_program.tlog\link.12772.write.1.tlog
c:\users\reaper\source\repos\bid_program\bid_program\x64\debug\bid_program.tlog\link.command.1.tlog
c:\users\reaper\source\repos\bid_program\bid_program\x64\debug\bid_program.tlog\link.read.1.tlog
c:\users\reaper\source\repos\bid_program\bid_program\x64\debug\bid_program.tlog\link.write.1.tlog
